<?xml version="1.0" encoding="UTF-8"?>
<!-- Generated by org.testng.reporters.JUnitReportReporter -->
<testsuite hostname="shailendramanimishra-l" failures="0" tests="3" name="testNG.Grouping2" time="0.006" errors="0" timestamp="2025-05-02T22:39:31 IST" skipped="0">
  <testcase classname="testNG.Grouping2" name="loginbymail" time="0.002"/>
  <testcase classname="testNG.Grouping2" name="loginbyfb" time="0.002"/>
  <testcase classname="testNG.Grouping2" name="loginbytwitter" time="0.002"/>
</testsuite> <!-- testNG.Grouping2 -->
