<?xml version="1.0" encoding="UTF-8"?>
<!-- Generated by org.testng.reporters.JUnitReportReporter -->
<testsuite hostname="shailendramanimishra-l" failures="0" tests="3" name="testNG.Grouping.Signup" time="0.003" errors="0" timestamp="2025-05-02T22:48:46 IST" skipped="0">
  <testcase classname="testNG.Grouping.Signup" name="signUpbymail" time="0.001"/>
  <testcase classname="testNG.Grouping.Signup" name="SignUPbyfb" time="0.001"/>
  <testcase classname="testNG.Grouping.Signup" name="signUpbytwitter" time="0.001"/>
</testsuite> <!-- testNG.Grouping.Signup -->
