<?xml version="1.0" encoding="UTF-8"?>
<!-- Generated by org.testng.reporters.JUnitReportReporter -->
<testsuite hostname="shailendramanimishra-l" failures="0" tests="2" name="testNG.ParellelExecution" time="52.446" errors="0" timestamp="2025-05-02T22:05:10 IST" skipped="0">
  <testcase classname="testNG.ParellelExecution" name="webdriver" time="16.180"/>
  <testcase classname="testNG.ParellelExecution" name="yahoo" time="36.266"/>
</testsuite> <!-- testNG.ParellelExecution -->
