<?xml version="1.0" encoding="UTF-8"?>
<!-- Generated by org.testng.reporters.JUnitReportReporter -->
<testsuite hostname="shailendramanimishra-l" failures="0" tests="3" name="testNG.Login" time="0.019" errors="0" timestamp="2025-02-12T17:42:38 IST" skipped="0">
  <testcase classname="testNG.Login" name="loginbymail" time="0.002"/>
  <testcase classname="testNG.Login" name="loginbytwitter" time="0.002"/>
  <testcase classname="testNG.Login" name="loginbyfb" time="0.015"/>
</testsuite> <!-- testNG.Login -->
