<?xml version="1.0" encoding="UTF-8"?>
<!-- Generated by org.testng.reporters.JUnitReportReporter -->
<testsuite hostname="shailendramanimishra-l" failures="0" tests="3" name="testNG.SignUp" time="0.014" errors="0" timestamp="2025-05-01T14:51:41 IST" skipped="0">
  <testcase classname="testNG.SignUp" name="signUpbymail" time="0.001"/>
  <testcase classname="testNG.SignUp" name="SignUPbyfb" time="0.012"/>
  <testcase classname="testNG.SignUp" name="signUpbytwitter" time="0.001"/>
</testsuite> <!-- testNG.SignUp -->
