<?xml version="1.0" encoding="UTF-8"?>
<!-- Generated by org.testng.reporters.JUnitReportReporter -->
<testsuite hostname="shailendramanimishra-l" failures="0" tests="1" name="testNG.testng2" time="0.004" errors="0" timestamp="2025-02-12T11:34:08 IST" skipped="0">
  <testcase classname="testNG.testng2" name="opencart" time="0.004"/>
</testsuite> <!-- testNG.testng2 -->
