<?xml version="1.0" encoding="UTF-8"?>
<!-- Generated by org.testng.reporters.JUnitReportReporter -->
<testsuite hostname="shailendramanimishra-l" failures="0" tests="1" name="testNG.ParallelClass2" time="54.069" errors="0" timestamp="2025-05-02T22:29:37 IST" skipped="0">
  <testcase classname="testNG.ParallelClass2" name="method1" time="54.069"/>
</testsuite> <!-- testNG.ParallelClass2 -->
