<?xml version="1.0" encoding="UTF-8"?>
<!-- Generated by org.testng.reporters.JUnitReportReporter -->
<testsuite hostname="shailendramanimishra-l" failures="0" tests="2" name="testNG.payment" time="0.004" errors="0" timestamp="2025-02-12T13:10:14 IST" skipped="0">
  <testcase classname="testNG.payment" name="rupee" time="0.002"/>
  <testcase classname="testNG.payment" name="dollers" time="0.002"/>
</testsuite> <!-- testNG.payment -->
