<?xml version="1.0" encoding="UTF-8"?>
<!-- Generated by org.testng.reporters.JUnitReportReporter -->
<testsuite hostname="shailendramanimishra-l" failures="0" tests="1" name="testNG.Rough2" time="0.002" errors="0" timestamp="2025-05-01T16:22:10 IST" skipped="0">
  <testcase classname="testNG.Rough2" name="method2" time="0.002"/>
</testsuite> <!-- testNG.Rough2 -->
