<?xml version="1.0" encoding="UTF-8"?>
<!-- Generated by org.testng.reporters.JUnitReportReporter -->
<testsuite hostname="shailendramanimishra-l" failures="0" tests="3" name="Testng2" time="0.017" errors="0" timestamp="2025-05-01T13:27:06 IST" skipped="0">
  <testcase classname="Testng2" name="method6" time="0.001"/>
  <testcase classname="Testng2" name="method4" time="0.015"/>
  <testcase classname="Testng2" name="method5" time="0.001"/>
</testsuite> <!-- Testng2 -->
