<?xml version="1.0" encoding="UTF-8"?>
<!-- Generated by org.testng.reporters.JUnitReportReporter -->
<testsuite hostname="shailendramanimishra-l" failures="0" tests="3" name="Testng" time="0.012" errors="0" timestamp="2025-05-01T14:52:12 IST" skipped="0">
  <testcase classname="Testng" name="method3" time="0.001"/>
  <testcase classname="Testng" name="method1" time="0.010"/>
  <testcase classname="Testng" name="method2" time="0.001"/>
</testsuite> <!-- Testng -->
