<?xml version="1.0" encoding="UTF-8"?>
<!-- Generated by org.testng.reporters.JUnitReportReporter -->
<testsuite hostname="shailendramanimishra-l" failures="0" tests="2" name="testNG.POMFramework.Logintest" time="4.074" errors="0" timestamp="2025-05-03T22:08:28 IST" skipped="0">
  <testcase classname="testNG.POMFramework.Logintest" name="testLogin" time="2.246"/>
  <testcase classname="testNG.POMFramework.Logintest" name="testLogin" time="1.828"/>
</testsuite> <!-- testNG.POMFramework.Logintest -->
