<?xml version="1.0" encoding="UTF-8"?>
<!-- Generated by org.testng.reporters.JUnitReportReporter -->
<testsuite hostname="shailendramanimishra-l" failures="0" tests="3" name="testNG.Grouping.Login" time="0.012" errors="0" timestamp="2025-05-02T22:48:46 IST" skipped="0">
  <testcase classname="testNG.Grouping.Login" name="loginbymail" time="0.001"/>
  <testcase classname="testNG.Grouping.Login" name="loginbytwitter" time="0.001"/>
  <testcase classname="testNG.Grouping.Login" name="loginbyfb" time="0.010"/>
</testsuite> <!-- testNG.Grouping.Login -->
