<?xml version="1.0" encoding="UTF-8"?>
<!-- Generated by org.testng.reporters.JUnitReportReporter -->
<testsuite hostname="shailendramanimishra-l" failures="0" tests="2" name="testNG.Grouping.Payment" time="0.003" errors="0" timestamp="2025-05-02T22:48:46 IST" skipped="0">
  <testcase classname="testNG.Grouping.Payment" name="rupee" time="0.002"/>
  <testcase classname="testNG.Grouping.Payment" name="dollers" time="0.001"/>
</testsuite> <!-- testNG.Grouping.Payment -->
