<?xml version="1.0" encoding="UTF-8"?>
<!-- Generated by org.testng.reporters.JUnitReportReporter -->
<testsuite hostname="shailendramanimishra-l" failures="0" tests="3" name="testNG.Grouping1" time="0.013" errors="0" timestamp="2025-05-02T22:39:31 IST" skipped="0">
  <testcase classname="testNG.Grouping1" name="signUpbymail" time="0.002"/>
  <testcase classname="testNG.Grouping1" name="signUpbytwitter" time="0.001"/>
  <testcase classname="testNG.Grouping1" name="SignUPbyfb" time="0.010"/>
</testsuite> <!-- testNG.Grouping1 -->
