<?xml version="1.0" encoding="UTF-8"?>
<!-- Generated by org.testng.reporters.JUnitReportReporter -->
<testsuite hostname="shailendramanimishra-l" failures="0" tests="2" name="testNG.Grouping4" time="0.004" errors="0" timestamp="2025-05-02T22:39:31 IST" skipped="0">
  <testcase classname="testNG.Grouping4" name="rupee" time="0.002"/>
  <testcase classname="testNG.Grouping4" name="dollers" time="0.002"/>
</testsuite> <!-- testNG.Grouping4 -->
